running egg_info
creating ../../build/rmis_interface/rmis_interface.egg-info
writing ../../build/rmis_interface/rmis_interface.egg-info/PKG-INFO
writing dependency_links to ../../build/rmis_interface/rmis_interface.egg-info/dependency_links.txt
writing entry points to ../../build/rmis_interface/rmis_interface.egg-info/entry_points.txt
writing requirements to ../../build/rmis_interface/rmis_interface.egg-info/requires.txt
writing top-level names to ../../build/rmis_interface/rmis_interface.egg-info/top_level.txt
writing manifest file '../../build/rmis_interface/rmis_interface.egg-info/SOURCES.txt'
reading manifest file '../../build/rmis_interface/rmis_interface.egg-info/SOURCES.txt'
writing manifest file '../../build/rmis_interface/rmis_interface.egg-info/SOURCES.txt'
running build
running build_py
creating /home/enesisaoglu/rmis_interface_ws/build/rmis_interface/build
creating /home/enesisaoglu/rmis_interface_ws/build/rmis_interface/build/lib
creating /home/enesisaoglu/rmis_interface_ws/build/rmis_interface/build/lib/rmis_interface
copying rmis_interface/web_launcher.py -> /home/enesisaoglu/rmis_interface_ws/build/rmis_interface/build/lib/rmis_interface
copying rmis_interface/__init__.py -> /home/enesisaoglu/rmis_interface_ws/build/rmis_interface/build/lib/rmis_interface
running install
running install_lib
creating /home/enesisaoglu/rmis_interface_ws/install/rmis_interface/lib/python3.10/site-packages/rmis_interface
copying /home/enesisaoglu/rmis_interface_ws/build/rmis_interface/build/lib/rmis_interface/web_launcher.py -> /home/enesisaoglu/rmis_interface_ws/install/rmis_interface/lib/python3.10/site-packages/rmis_interface
copying /home/enesisaoglu/rmis_interface_ws/build/rmis_interface/build/lib/rmis_interface/__init__.py -> /home/enesisaoglu/rmis_interface_ws/install/rmis_interface/lib/python3.10/site-packages/rmis_interface
byte-compiling /home/enesisaoglu/rmis_interface_ws/install/rmis_interface/lib/python3.10/site-packages/rmis_interface/web_launcher.py to web_launcher.cpython-310.pyc
byte-compiling /home/enesisaoglu/rmis_interface_ws/install/rmis_interface/lib/python3.10/site-packages/rmis_interface/__init__.py to __init__.cpython-310.pyc
running install_egg_info
Copying ../../build/rmis_interface/rmis_interface.egg-info to /home/enesisaoglu/rmis_interface_ws/install/rmis_interface/lib/python3.10/site-packages/rmis_interface-0.0.0-py3.10.egg-info
running install_scripts
Installing launch_web script to /home/enesisaoglu/rmis_interface_ws/install/rmis_interface/lib/rmis_interface
writing list of installed files to '/home/enesisaoglu/rmis_interface_ws/build/rmis_interface/install.log'
