[0.330s] Invoking command in '/home/enesisaoglu/rmis_interface_ws/src/rmis_interface': PYTHONPATH=/home/enesisaoglu/rmis_interface_ws/build/rmis_interface/prefix_override:/usr/lib/python3/dist-packages/colcon_core/task/python/colcon_distutils_commands:/home/enesisaoglu/rmis_interface_ws/install/rmis_interface/lib/python3.10/site-packages:${PYTHONPATH} /usr/bin/python3 -W ignore:setup.py install is deprecated -W ignore:easy_install command is deprecated setup.py egg_info --egg-base ../../build/rmis_interface build --build-base /home/enesisaoglu/rmis_interface_ws/build/rmis_interface/build install --record /home/enesisaoglu/rmis_interface_ws/build/rmis_interface/install.log --single-version-externally-managed
[0.450s] running egg_info
[0.450s] creating ../../build/rmis_interface/rmis_interface.egg-info
[0.450s] writing ../../build/rmis_interface/rmis_interface.egg-info/PKG-INFO
[0.450s] writing dependency_links to ../../build/rmis_interface/rmis_interface.egg-info/dependency_links.txt
[0.450s] writing entry points to ../../build/rmis_interface/rmis_interface.egg-info/entry_points.txt
[0.450s] writing requirements to ../../build/rmis_interface/rmis_interface.egg-info/requires.txt
[0.450s] writing top-level names to ../../build/rmis_interface/rmis_interface.egg-info/top_level.txt
[0.450s] writing manifest file '../../build/rmis_interface/rmis_interface.egg-info/SOURCES.txt'
[0.451s] reading manifest file '../../build/rmis_interface/rmis_interface.egg-info/SOURCES.txt'
[0.451s] writing manifest file '../../build/rmis_interface/rmis_interface.egg-info/SOURCES.txt'
[0.451s] running build
[0.451s] running build_py
[0.451s] creating /home/enesisaoglu/rmis_interface_ws/build/rmis_interface/build
[0.451s] creating /home/enesisaoglu/rmis_interface_ws/build/rmis_interface/build/lib
[0.451s] creating /home/enesisaoglu/rmis_interface_ws/build/rmis_interface/build/lib/rmis_interface
[0.451s] copying rmis_interface/web_launcher.py -> /home/enesisaoglu/rmis_interface_ws/build/rmis_interface/build/lib/rmis_interface
[0.451s] copying rmis_interface/__init__.py -> /home/enesisaoglu/rmis_interface_ws/build/rmis_interface/build/lib/rmis_interface
[0.451s] running install
[0.452s] running install_lib
[0.452s] creating /home/enesisaoglu/rmis_interface_ws/install/rmis_interface/lib/python3.10/site-packages/rmis_interface
[0.452s] copying /home/enesisaoglu/rmis_interface_ws/build/rmis_interface/build/lib/rmis_interface/web_launcher.py -> /home/enesisaoglu/rmis_interface_ws/install/rmis_interface/lib/python3.10/site-packages/rmis_interface
[0.452s] copying /home/enesisaoglu/rmis_interface_ws/build/rmis_interface/build/lib/rmis_interface/__init__.py -> /home/enesisaoglu/rmis_interface_ws/install/rmis_interface/lib/python3.10/site-packages/rmis_interface
[0.453s] byte-compiling /home/enesisaoglu/rmis_interface_ws/install/rmis_interface/lib/python3.10/site-packages/rmis_interface/web_launcher.py to web_launcher.cpython-310.pyc
[0.453s] byte-compiling /home/enesisaoglu/rmis_interface_ws/install/rmis_interface/lib/python3.10/site-packages/rmis_interface/__init__.py to __init__.cpython-310.pyc
[0.453s] running install_egg_info
[0.453s] Copying ../../build/rmis_interface/rmis_interface.egg-info to /home/enesisaoglu/rmis_interface_ws/install/rmis_interface/lib/python3.10/site-packages/rmis_interface-0.0.0-py3.10.egg-info
[0.454s] running install_scripts
[0.465s] Installing launch_web script to /home/enesisaoglu/rmis_interface_ws/install/rmis_interface/lib/rmis_interface
[0.465s] writing list of installed files to '/home/enesisaoglu/rmis_interface_ws/build/rmis_interface/install.log'
[0.480s] Invoked command in '/home/enesisaoglu/rmis_interface_ws/src/rmis_interface' returned '0': PYTHONPATH=/home/enesisaoglu/rmis_interface_ws/build/rmis_interface/prefix_override:/usr/lib/python3/dist-packages/colcon_core/task/python/colcon_distutils_commands:/home/enesisaoglu/rmis_interface_ws/install/rmis_interface/lib/python3.10/site-packages:${PYTHONPATH} /usr/bin/python3 -W ignore:setup.py install is deprecated -W ignore:easy_install command is deprecated setup.py egg_info --egg-base ../../build/rmis_interface build --build-base /home/enesisaoglu/rmis_interface_ws/build/rmis_interface/build install --record /home/enesisaoglu/rmis_interface_ws/build/rmis_interface/install.log --single-version-externally-managed
