[0.345s] Invoking command in '/home/enesisaoglu/rmis_interface_ws/src/rmis_web_launcher': PYTHONPATH=/home/enesisaoglu/rmis_interface_ws/build/rmis_web_launcher/prefix_override:/usr/lib/python3/dist-packages/colcon_core/task/python/colcon_distutils_commands:/home/enesisaoglu/rmis_interface_ws/install/rmis_web_launcher/lib/python3.10/site-packages:${PYTHONPATH} /usr/bin/python3 -W ignore:setup.py install is deprecated -W ignore:easy_install command is deprecated setup.py egg_info --egg-base ../../build/rmis_web_launcher build --build-base /home/enesisaoglu/rmis_interface_ws/build/rmis_web_launcher/build install --record /home/enesisaoglu/rmis_interface_ws/build/rmis_web_launcher/install.log --single-version-externally-managed install_data
[0.474s] running egg_info
[0.474s] writing ../../build/rmis_web_launcher/rmis_web_launcher.egg-info/PKG-INFO
[0.474s] writing dependency_links to ../../build/rmis_web_launcher/rmis_web_launcher.egg-info/dependency_links.txt
[0.475s] writing entry points to ../../build/rmis_web_launcher/rmis_web_launcher.egg-info/entry_points.txt
[0.475s] writing requirements to ../../build/rmis_web_launcher/rmis_web_launcher.egg-info/requires.txt
[0.475s] writing top-level names to ../../build/rmis_web_launcher/rmis_web_launcher.egg-info/top_level.txt
[0.476s] reading manifest file '../../build/rmis_web_launcher/rmis_web_launcher.egg-info/SOURCES.txt'
[0.476s] writing manifest file '../../build/rmis_web_launcher/rmis_web_launcher.egg-info/SOURCES.txt'
[0.476s] running build
[0.477s] running build_py
[0.477s] running install
[0.477s] running install_lib
[0.477s] running install_data
[0.477s] running install_egg_info
[0.478s] removing '/home/enesisaoglu/rmis_interface_ws/install/rmis_web_launcher/lib/python3.10/site-packages/rmis_web_launcher-0.0.0-py3.10.egg-info' (and everything under it)
[0.478s] Copying ../../build/rmis_web_launcher/rmis_web_launcher.egg-info to /home/enesisaoglu/rmis_interface_ws/install/rmis_web_launcher/lib/python3.10/site-packages/rmis_web_launcher-0.0.0-py3.10.egg-info
[0.479s] running install_scripts
[0.490s] Installing web_launcher script to /home/enesisaoglu/rmis_interface_ws/install/rmis_web_launcher/lib/rmis_web_launcher
[0.490s] writing list of installed files to '/home/enesisaoglu/rmis_interface_ws/build/rmis_web_launcher/install.log'
[0.505s] Invoked command in '/home/enesisaoglu/rmis_interface_ws/src/rmis_web_launcher' returned '0': PYTHONPATH=/home/enesisaoglu/rmis_interface_ws/build/rmis_web_launcher/prefix_override:/usr/lib/python3/dist-packages/colcon_core/task/python/colcon_distutils_commands:/home/enesisaoglu/rmis_interface_ws/install/rmis_web_launcher/lib/python3.10/site-packages:${PYTHONPATH} /usr/bin/python3 -W ignore:setup.py install is deprecated -W ignore:easy_install command is deprecated setup.py egg_info --egg-base ../../build/rmis_web_launcher build --build-base /home/enesisaoglu/rmis_interface_ws/build/rmis_web_launcher/build install --record /home/enesisaoglu/rmis_interface_ws/build/rmis_web_launcher/install.log --single-version-externally-managed install_data
