[0.339s] Invoking command in '/home/enesisaoglu/rmis_interface_ws/src/rmis_interface': PYTHONPATH=/home/enesisaoglu/rmis_interface_ws/build/rmis_interface/prefix_override:/usr/lib/python3/dist-packages/colcon_core/task/python/colcon_distutils_commands:/home/enesisaoglu/rmis_interface_ws/install/rmis_interface/lib/python3.10/site-packages:${PYTHONPATH} /usr/bin/python3 -W ignore:setup.py install is deprecated -W ignore:easy_install command is deprecated setup.py egg_info --egg-base ../../build/rmis_interface build --build-base /home/enesisaoglu/rmis_interface_ws/build/rmis_interface/build install --record /home/enesisaoglu/rmis_interface_ws/build/rmis_interface/install.log --single-version-externally-managed install_data
[0.465s] running egg_info
[0.466s] writing ../../build/rmis_interface/rmis_interface.egg-info/PKG-INFO
[0.466s] writing dependency_links to ../../build/rmis_interface/rmis_interface.egg-info/dependency_links.txt
[0.466s] writing entry points to ../../build/rmis_interface/rmis_interface.egg-info/entry_points.txt
[0.466s] writing requirements to ../../build/rmis_interface/rmis_interface.egg-info/requires.txt
[0.466s] writing top-level names to ../../build/rmis_interface/rmis_interface.egg-info/top_level.txt
[0.467s] reading manifest file '../../build/rmis_interface/rmis_interface.egg-info/SOURCES.txt'
[0.468s] writing manifest file '../../build/rmis_interface/rmis_interface.egg-info/SOURCES.txt'
[0.468s] running build
[0.468s] running build_py
[0.468s] copying rmis_interface/web_launcher.py -> /home/enesisaoglu/rmis_interface_ws/build/rmis_interface/build/lib/rmis_interface
[0.469s] running install
[0.469s] running install_lib
[0.469s] copying /home/enesisaoglu/rmis_interface_ws/build/rmis_interface/build/lib/rmis_interface/web_launcher.py -> /home/enesisaoglu/rmis_interface_ws/install/rmis_interface/lib/python3.10/site-packages/rmis_interface
[0.469s] byte-compiling /home/enesisaoglu/rmis_interface_ws/install/rmis_interface/lib/python3.10/site-packages/rmis_interface/web_launcher.py to web_launcher.cpython-310.pyc
[0.469s] running install_data
[0.470s] creating /home/enesisaoglu/rmis_interface_ws/install/rmis_interface/share/rmis_interface/web
[0.470s] copying rmis_interface/web/index.html -> /home/enesisaoglu/rmis_interface_ws/install/rmis_interface/share/rmis_interface/web
[0.470s] running install_egg_info
[0.470s] removing '/home/enesisaoglu/rmis_interface_ws/install/rmis_interface/lib/python3.10/site-packages/rmis_interface-0.0.0-py3.10.egg-info' (and everything under it)
[0.470s] Copying ../../build/rmis_interface/rmis_interface.egg-info to /home/enesisaoglu/rmis_interface_ws/install/rmis_interface/lib/python3.10/site-packages/rmis_interface-0.0.0-py3.10.egg-info
[0.471s] running install_scripts
[0.481s] Installing launch_web script to /home/enesisaoglu/rmis_interface_ws/install/rmis_interface/lib/rmis_interface
[0.482s] writing list of installed files to '/home/enesisaoglu/rmis_interface_ws/build/rmis_interface/install.log'
[0.496s] Invoked command in '/home/enesisaoglu/rmis_interface_ws/src/rmis_interface' returned '0': PYTHONPATH=/home/enesisaoglu/rmis_interface_ws/build/rmis_interface/prefix_override:/usr/lib/python3/dist-packages/colcon_core/task/python/colcon_distutils_commands:/home/enesisaoglu/rmis_interface_ws/install/rmis_interface/lib/python3.10/site-packages:${PYTHONPATH} /usr/bin/python3 -W ignore:setup.py install is deprecated -W ignore:easy_install command is deprecated setup.py egg_info --egg-base ../../build/rmis_interface build --build-base /home/enesisaoglu/rmis_interface_ws/build/rmis_interface/build install --record /home/enesisaoglu/rmis_interface_ws/build/rmis_interface/install.log --single-version-externally-managed install_data
